2021-05-22 10:28:23.905 ERROR 75628 --- [http-nio-8087-exec-7] c.w.controller.ArticleController         : passage dans rest listArticlesByCategory : developpement
2021-05-22 10:28:23.946 ERROR 75628 --- [http-nio-8087-exec-7] com.whiterabbit.services.ArticleService  : passage dans service article findByCategory, request parameters, category is developpement
2021-05-22 10:28:23.946 ERROR 75628 --- [http-nio-8087-exec-7] com.whiterabbit.services.ArticleService  : category to string : DEVELOPPEMENT
2021-05-22 10:28:27.339 ERROR 75628 --- [scheduling-1] c.w.batchutils.ArticleBatchScheduler     : START JOB ........
2021-05-22 10:28:27.781 ERROR 75628 --- [scheduling-1] c.w.batchutils.HtmlPageItemReader        : ----->ItemReader : www.journaldugeek.com/articles/
2021-05-22 10:28:36.120 ERROR 75628 --- [scheduling-1] c.w.batchutils.HtmlPageItemReader        : ----->ItemReader : www.lesnumeriques.com/actualites
2021-05-22 10:28:39.388 ERROR 75628 --- [scheduling-1] c.w.batchutils.HtmlPageItemReader        : ----->ItemReader : www.01net.com/actualites/
2021-05-22 10:28:44.656 ERROR 75628 --- [scheduling-1] c.w.batchutils.HtmlPageItemReader        : ----->ItemReader : www.mac4ever.com/dossiers
2021-05-22 10:28:45.220 ERROR 75628 --- [scheduling-1] c.w.batchutils.HtmlPageItemReader        : ----->ItemReader : www.frandroid.com/actualites
2021-05-22 10:28:45.581 ERROR 75628 --- [scheduling-1] c.whiterabbit.utils.HtmlReaderFRAndroid  : frandroid - No division found ! 
2021-05-22 10:28:45.585 ERROR 75628 --- [scheduling-1] c.w.batchutils.HtmlPageItemReader        : ----->ItemReader : www.macg.co/
2021-05-22 10:28:47.798 ERROR 75628 --- [scheduling-1] c.w.batchutils.HtmlPageItemReader        : ----->ItemReader : news.humancoders.com/t/java
2021-05-22 10:28:48.731 ERROR 75628 --- [scheduling-1] c.w.utils.HtmlReaderHumanCoders          : HumanCoders - articles found ! 
2021-05-22 10:28:48.794 ERROR 75628 --- [scheduling-1] c.w.batchutils.HtmlPageItemReader        : ----->ItemReader : java.developpez.com
2021-05-22 10:29:18.101 ERROR 75628 --- [scheduling-1] c.w.batchutils.HtmlPageItemReader        : ----->ItemReader : medium.com/topic/programming
2021-05-22 10:29:20.250 ERROR 75628 --- [scheduling-1] com.whiterabbit.utils.HtmlReaderMedium   : medium.com - articles found ! 
2021-05-22 10:29:20.271 ERROR 75628 --- [scheduling-1] c.w.batchutils.ArticleBatchScheduler     : JOB nom-du-job finished .... with status exitCode=COMPLETED;exitDescription=
2021-05-22 10:30:01.118 ERROR 9394 --- [scheduling-1] c.w.batchutils.ArticleBatchScheduler     : START JOB ........
2021-05-22 10:30:01.482 ERROR 9394 --- [scheduling-1] c.w.batchutils.HtmlPageItemReader        : ----->ItemReader : www.journaldugeek.com/articles/
2021-05-22 10:30:10.710 ERROR 9394 --- [scheduling-1] c.w.batchutils.HtmlPageItemReader        : ----->ItemReader : www.lesnumeriques.com/actualites
2021-05-22 10:30:14.001 ERROR 9394 --- [scheduling-1] c.w.batchutils.HtmlPageItemReader        : ----->ItemReader : www.01net.com/actualites/
2021-05-22 10:30:19.515 ERROR 9394 --- [scheduling-1] c.w.batchutils.HtmlPageItemReader        : ----->ItemReader : www.mac4ever.com/dossiers
2021-05-22 10:30:20.005 ERROR 9394 --- [scheduling-1] c.w.batchutils.HtmlPageItemReader        : ----->ItemReader : www.frandroid.com/actualites
2021-05-22 10:30:20.370 ERROR 9394 --- [scheduling-1] c.whiterabbit.utils.HtmlReaderFRAndroid  : frandroid - No division found ! 
2021-05-22 10:30:20.374 ERROR 9394 --- [scheduling-1] c.w.batchutils.HtmlPageItemReader        : ----->ItemReader : www.macg.co/
2021-05-22 10:30:23.133 ERROR 9394 --- [scheduling-1] c.w.batchutils.HtmlPageItemReader        : ----->ItemReader : java.developpez.com
2021-05-22 10:30:31.606 ERROR 9394 --- [http-nio-8087-exec-2] c.w.controller.ArticleController         : passage dans rest listArticlesByCategory : developpement
2021-05-22 10:30:31.612 ERROR 9394 --- [http-nio-8087-exec-2] com.whiterabbit.services.ArticleService  : passage dans service article findByCategory, request parameters, category is developpement
2021-05-22 10:30:31.612 ERROR 9394 --- [http-nio-8087-exec-2] com.whiterabbit.services.ArticleService  : category to string : DEVELOPPEMENT
2021-05-22 10:30:36.875 ERROR 9394 --- [http-nio-8087-exec-5] c.w.controller.ArticleController         : passage dans rest listArticlesByCategory : general
2021-05-22 10:30:36.876 ERROR 9394 --- [http-nio-8087-exec-5] com.whiterabbit.services.ArticleService  : passage dans service article findByCategory, request parameters, category is general
2021-05-22 10:30:36.876 ERROR 9394 --- [http-nio-8087-exec-5] com.whiterabbit.services.ArticleService  : category to string : GENERAL
2021-05-22 10:30:50.903 ERROR 9394 --- [http-nio-8087-exec-8] c.w.controller.ArticleController         : passage dans rest listArticlesByCategory : developpement
2021-05-22 10:30:50.904 ERROR 9394 --- [http-nio-8087-exec-8] com.whiterabbit.services.ArticleService  : passage dans service article findByCategory, request parameters, category is developpement
2021-05-22 10:30:50.904 ERROR 9394 --- [http-nio-8087-exec-8] com.whiterabbit.services.ArticleService  : category to string : DEVELOPPEMENT
2021-05-22 10:30:54.442 ERROR 9394 --- [scheduling-1] c.w.batchutils.HtmlPageItemReader        : ----->ItemReader : medium.com/topic/programming
2021-05-22 10:30:56.074 ERROR 9394 --- [scheduling-1] com.whiterabbit.utils.HtmlReaderMedium   : medium.com - articles found ! 
2021-05-22 10:30:56.090 ERROR 9394 --- [scheduling-1] c.w.batchutils.HtmlPageItemReader        : ----->ItemReader : news.humancoders.com/t/java
2021-05-22 10:30:57.098 ERROR 9394 --- [scheduling-1] c.w.utils.HtmlReaderHumanCoders          : HumanCoders - articles found ! 
2021-05-22 10:30:57.129 ERROR 9394 --- [scheduling-1] c.w.batchutils.ArticleBatchScheduler     : JOB nom-du-job finished .... with status exitCode=COMPLETED;exitDescription=
2021-05-22 10:31:00.912 ERROR 9394 --- [http-nio-8087-exec-10] c.w.controller.ArticleController         : passage dans rest listArticlesByCategory : developpement
2021-05-22 10:31:00.913 ERROR 9394 --- [http-nio-8087-exec-10] com.whiterabbit.services.ArticleService  : passage dans service article findByCategory, request parameters, category is developpement
2021-05-22 10:31:00.913 ERROR 9394 --- [http-nio-8087-exec-10] com.whiterabbit.services.ArticleService  : category to string : DEVELOPPEMENT
2021-05-22 10:31:47.098 ERROR 9394 --- [http-nio-8087-exec-4] c.w.controller.ArticleController         : passage dans rest listArticlesByCategory : general
2021-05-22 10:31:47.099 ERROR 9394 --- [http-nio-8087-exec-4] com.whiterabbit.services.ArticleService  : passage dans service article findByCategory, request parameters, category is general
2021-05-22 10:31:47.100 ERROR 9394 --- [http-nio-8087-exec-4] com.whiterabbit.services.ArticleService  : category to string : GENERAL
